Removed Pin From Net: NetName=RX Pin=J2-1
Removed Pin From Net: NetName=EN1 Pin=J3-1
Removed Pin From Net: NetName=EN1 Pin=J3-2
Removed Pin From Net: NetName=PIR Pin=J3-3
Removed Pin From Net: NetName=SERVO Pin=J4-2
Removed Pin From Net: NetName=MOTOR1 Pin=J4-3
Removed Pin From Net: NetName=GND Pin=J5-2
Removed Pin From Net: NetName=+12 Pin=J5-3
Remove Pin from Net: Failed to remove Pin
Removed Member From Class: ClassName=schematic_smart_home Member=J3
Removed Member From Class: ClassName=schematic_smart_home Member=J4
Removed Member From Class: ClassName=schematic_smart_home Member=J5
Removed Member From Class: ClassName=schematic_smart_home Member=J6
Change Component Footprint: Designator=J2 Old Footprint=CFP127P930X250-10N New Footprint=Header
Change Component Comment : Designator=J2 Old Comment=TS-103-T-A-1 New Comment=connector;str header;single row;.1 cont centers;.095 tail;gold or gtx;36 contact
Change component parameters: Designator = "J2" ("J2"); Footprint = "CFP127P930X250-10N"; UniqueID = "\DDULNEJR" ("\DDULNEJR")
Change component parameters (AddParameter): Name = "Created By"; Value = "R Kanjee"; VariantName = "[No Variations]"
Change component parameters (AddParameter): Name = "Current Rating"; Value = "3Amps Continuous"; VariantName = "[No Variations]"
Change component parameters (AddParameter): Name = "Date Created"; Value = "1 March 2015"; VariantName = "[No Variations]"
Change component parameters (AddParameter): Name = "Manufacturer"; Value = "FCI"; VariantName = "[No Variations]"
Change component parameters (AddParameter): Name = "Manufacturer Part No."; Value = "68000-236HLF"; VariantName = "[No Variations]"
Change component parameters (AddParameter): Name = "RS Stock No."; Value = "2509565626"; VariantName = "[No Variations]"
Added Pin To Net: NetName=TX Pin=J2-1
Added Pin To Net: NetName=MISO Pin=J2-4
Added Pin To Net: NetName=EN1 Pin=J2-5
Added Pin To Net: NetName=PIR Pin=J2-6
Added Pin To Net: NetName=KEYPAD Pin=J2-7
Added Pin To Net: NetName=SERVO Pin=J2-8
Added Pin To Net: NetName=MOTOR1 Pin=J2-9
Added Pin To Net: NetName=MOTOR2 Pin=J2-10
Added Pin To Net: NetName=GND Pin=J2-11
Added Pin To Net: NetName=+12 Pin=J2-12
Added Pin To Net: NetName=+5 Pin=J2-13
