Added Component: Designator=J2(Header)
Add component (AddParameter): Name = "Availability"; Value = "Unavailable"; VariantName = "[No Variations]"
Add component (AddParameter): Name = "MF"; Value = "Samtec"; VariantName = "[No Variations]"
Add component (AddParameter): Name = "MP"; Value = "TSM-108-01-L-SV"; VariantName = "[No Variations]"
Add component (AddParameter): Name = "Package"; Value = "None"; VariantName = "[No Variations]"
Add component (AddParameter): Name = "Price"; Value = "None"; VariantName = "[No Variations]"
Add component (AddParameter): Name = "Value"; Value = ""; VariantName = "[No Variations]"
Added Component: Designator=J3(Header)
Add component (AddParameter): Name = "Availability"; Value = "Unavailable"; VariantName = "[No Variations]"
Add component (AddParameter): Name = "MF"; Value = "Samtec"; VariantName = "[No Variations]"
Add component (AddParameter): Name = "MP"; Value = "TSM-108-01-L-SV"; VariantName = "[No Variations]"
Add component (AddParameter): Name = "Package"; Value = "None"; VariantName = "[No Variations]"
Add component (AddParameter): Name = "Price"; Value = "None"; VariantName = "[No Variations]"
Add component (AddParameter): Name = "Value"; Value = ""; VariantName = "[No Variations]"
Add Pin To Net: Unknown Pin: Pin J2-01
Add Pin To Net: Unknown Pin: Pin J2-02
Add Pin To Net: Unknown Pin: Pin J2-04
Add Pin To Net: Unknown Pin: Pin J2-05
Add Pin To Net: Unknown Pin: Pin J2-06
Add Pin To Net: Unknown Pin: Pin J2-07
Add Pin To Net: Unknown Pin: Pin J2-08
Add Pin To Net: Unknown Pin: Pin J3-01
Add Pin To Net: Unknown Pin: Pin J3-02
Add Pin To Net: Unknown Pin: Pin J3-03
Add Pin To Net: Unknown Pin: Pin J3-04
Add Pin To Net: Unknown Pin: Pin J3-05
Add Pin To Net: Unknown Pin: Pin J3-08
Added Member To Class: ClassName=schematic_smart_home Member=Component J2 TSM-108-01-L-SV
Added Member To Class: ClassName=schematic_smart_home Member=Component J3 TSM-108-01-L-SV
